<?xml version="1.0" encoding="UTF-8"?>
<!-- Generated by org.testng.reporters.JUnitReportReporter -->
<testsuite hostname="NAYANJYOTIs-MacBook-Pro.local" failures="0" tests="1" name="NewTest" time="0.007" errors="0" timestamp="2021-09-28T13:19:51 IST" skipped="0">
  <testcase classname="NewTest" name="f" time="0.007"/>
  <system-out/>
</testsuite> <!-- NewTest -->
