<?xml version="1.0" encoding="UTF-8"?>
<!-- Generated by org.testng.reporters.JUnitReportReporter -->
<testsuite hostname="NAYANJYOTIs-MacBook-Pro.local" failures="0" tests="4" name="CapgeminiSelenium.maintest.AppLoginPageTest" time="41.409" errors="0" timestamp="2021-09-29T18:02:03 IST" skipped="0">
  <testcase classname="CapgeminiSelenium.maintest.AppLoginPageTest" name="validateMultipleLogin" time="12.797"/>
  <system-out/>
  <testcase classname="CapgeminiSelenium.maintest.AppLoginPageTest" name="validateMultipleLogin" time="8.390"/>
  <system-out/>
  <testcase classname="CapgeminiSelenium.maintest.AppLoginPageTest" name="validateTitleTest" time="8.168"/>
  <system-out/>
  <testcase classname="CapgeminiSelenium.maintest.AppLoginPageTest" name="validateLoginTest" time="12.054"/>
  <system-out/>
</testsuite> <!-- CapgeminiSelenium.maintest.AppLoginPageTest -->
