<?xml version="1.0" encoding="UTF-8"?>
<!-- Generated by org.testng.reporters.JUnitReportReporter -->
<testsuite hostname="NAYANJYOTIs-MacBook-Pro.local" failures="0" tests="2" name="CapgeminiSelenium.maintest.AppLoginPageTest" time="17.258" errors="0" timestamp="2021-09-28T18:30:39 IST" skipped="0">
  <testcase classname="CapgeminiSelenium.maintest.AppLoginPageTest" name="validateTitleTest" time="7.299"/>
  <system-out/>
  <testcase classname="CapgeminiSelenium.maintest.AppLoginPageTest" name="validateLoginTest" time="9.959"/>
  <system-out/>
</testsuite> <!-- CapgeminiSelenium.maintest.AppLoginPageTest -->
